<?xml version="1.0" encoding="UTF-8"?>
<!-- Generated by org.testng.reporters.JUnitReportReporter -->
<testsuite hostname="SLVPPXFA21617" failures="0" tests="1" name="bancocuscatlan.firstmavenproject.SignInMethod" time="10.273" errors="0" timestamp="2024-11-05T22:01:33 CST" skipped="0">
  <testcase classname="bancocuscatlan.firstmavenproject.SignInMethod" name="login" time="10.273"/>
</testsuite> <!-- bancocuscatlan.firstmavenproject.SignInMethod -->
