<?xml version="1.0" encoding="UTF-8"?>
<!-- Generated by org.testng.reporters.JUnitReportReporter -->
<testsuite hostname="SLVPPXFA21617" failures="0" tests="1" name="bancocuscatlan.firstmavenproject.IrishJobTest" time="26.529" errors="0" timestamp="2024-11-07T17:18:41 CST" skipped="0">
  <testcase classname="bancocuscatlan.firstmavenproject.IrishJobTest" name="login" time="26.529"/>
</testsuite> <!-- bancocuscatlan.firstmavenproject.IrishJobTest -->
